0 info it worked if it ends with ok
1 verbose cli [ '/usr/local/bin/node',
1 verbose cli   '/usr/local/bin/npm',
1 verbose cli   'run',
1 verbose cli   'jscs-test' ]
2 info using npm@3.10.10
3 info using node@v6.10.0
4 verbose run-script [ 'prejscs-test', 'jscs-test', 'postjscs-test' ]
5 info lifecycle aria-practices@0.0.0~prejscs-test: aria-practices@0.0.0
6 silly lifecycle aria-practices@0.0.0~prejscs-test: no script for prejscs-test, continuing
7 info lifecycle aria-practices@0.0.0~jscs-test: aria-practices@0.0.0
8 verbose lifecycle aria-practices@0.0.0~jscs-test: unsafe-perm in lifecycle true
9 verbose lifecycle aria-practices@0.0.0~jscs-test: PATH: /usr/local/lib/node_modules/npm/bin/node-gyp-bin:/Users/brianloh/Desktop/aria-practices/node_modules/.bin:/usr/local/lib/node_modules/npm/bin/node-gyp-bin:/Users/brianloh/Desktop/aria-practices/node_modules/.bin:/usr/local/bin:/usr/bin:/bin:/usr/sbin:/sbin:/opt/X11/bin:/Library/TeX/texbin
10 verbose lifecycle aria-practices@0.0.0~jscs-test: CWD: /Users/brianloh/Desktop/aria-practices
11 silly lifecycle aria-practices@0.0.0~jscs-test: Args: [ '-c', 'jscs -c .jscsrc -m 1000 bin examples' ]
12 silly lifecycle aria-practices@0.0.0~jscs-test: Returned: code: 2  signal: null
13 info lifecycle aria-practices@0.0.0~jscs-test: Failed to exec jscs-test script
14 verbose stack Error: aria-practices@0.0.0 jscs-test: `jscs -c .jscsrc -m 1000 bin examples`
14 verbose stack Exit status 2
14 verbose stack     at EventEmitter.<anonymous> (/usr/local/lib/node_modules/npm/lib/utils/lifecycle.js:255:16)
14 verbose stack     at emitTwo (events.js:106:13)
14 verbose stack     at EventEmitter.emit (events.js:191:7)
14 verbose stack     at ChildProcess.<anonymous> (/usr/local/lib/node_modules/npm/lib/utils/spawn.js:40:14)
14 verbose stack     at emitTwo (events.js:106:13)
14 verbose stack     at ChildProcess.emit (events.js:191:7)
14 verbose stack     at maybeClose (internal/child_process.js:877:16)
14 verbose stack     at Process.ChildProcess._handle.onexit (internal/child_process.js:226:5)
15 verbose pkgid aria-practices@0.0.0
16 verbose cwd /Users/brianloh/Desktop/aria-practices
17 error Darwin 15.6.0
18 error argv "/usr/local/bin/node" "/usr/local/bin/npm" "run" "jscs-test"
19 error node v6.10.0
20 error npm  v3.10.10
21 error code ELIFECYCLE
22 error aria-practices@0.0.0 jscs-test: `jscs -c .jscsrc -m 1000 bin examples`
22 error Exit status 2
23 error Failed at the aria-practices@0.0.0 jscs-test script 'jscs -c .jscsrc -m 1000 bin examples'.
23 error Make sure you have the latest version of node.js and npm installed.
23 error If you do, this is most likely a problem with the aria-practices package,
23 error not with npm itself.
23 error Tell the author that this fails on your system:
23 error     jscs -c .jscsrc -m 1000 bin examples
23 error You can get information on how to open an issue for this project with:
23 error     npm bugs aria-practices
23 error Or if that isn't available, you can get their info via:
23 error     npm owner ls aria-practices
23 error There is likely additional logging output above.
24 verbose exit [ 1, true ]
